	 2 0
	 2 1
	 2 10
	 2 12
	 2 13
	 2 1583
	 2 1593
	 2 1598
	 2 1600
	 2 1612
	 2 1618
	 2 1627
	 2 1628
	 2 1632
	 2 1985
	 2 1996
	 2 1998
	 2 1a
	 2 2002
	 2 22
	 2 23
	 2 24
	 2 2a
	 2 3
	 2 3a
	 2 7
	 2 abbandonati
	 2 abbattevamo
	 2 abbietti
	 2 abbonda
	 2 abbracciate
	 2 abbracciato
	 2 abile
	 2 abitanti
	 2 abituali
	 2 accadde
	 2 accaddero
	 2 accader
	 2 accadeva
	 2 accadon
	 2 accarezzavan
	 2 accennate
	 2 accenneremo
	 2 accingo
	 2 accompagnate
	 2 accorgendosi
	 2 accorgere
	 2 accorgersi
	 2 accozzando
	 2 accresce
	 2 accrescendo
	 2 accresciuta
	 2 accuse
	 2 acevedo
	 2 addietro
	 2 addio
	 2 adombrato
	 2 adoperar
	 2 adoperate
	 2 affaccia
	 2 affannato
	 2 affaticato
	 2 affatto
	 2 afferrandogli
	 2 afferrarlo
	 2 affettato
	 2 affinis
	 2 affondate
	 2 aggirarsi
	 2 aggranchiate
	 2 agiato
	 2 agio
	 2 agnello
	 2 ah
	 2 aiuta
	 2 aiutare
	 2 aiutarlo
	 2 aiutate
	 2 aiutati
	 2 alberto
	 2 alieni
	 2 alieno
	 2 allargato
	 2 alleati
	 2 alleggerire
	 2 allegramente
	 2 allegri
	 2 allo
	 2 allontanandosi
	 2 almen
	 2 alquanto
	 2 alterarsi
	 2 alternate
	 2 alto
	 2 altre
	 2 altrove
	 2 alzandogli
	 2 alzato
	 2 alzava
	 2 ama
	 2 amari
	 2 amaro
	 2 ambiziosa
	 2 ammaliziati
	 2 ammiraglio
	 2 ampi
	 2 ampie
	 2 ampollosamente
	 2 ampollose
	 2 andar
	 2 andare
	 2 andarne
	 2 andassero
	 2 andate
	 2 andato
	 2 andiam
	 2 andirivieni
	 2 angeliche
	 2 angolo
	 2 angosciosa
	 2 angosciose
	 2 angusto
	 2 animale
	 2 animi
	 2 anno
	 2 annunziarle
	 2 ansante
	 2 antecedente
	 2 antecedenti
	 2 antequam
	 2 anticipatamente
	 2 aperta
	 2 aperti
	 2 apparecchiar
	 2 apparecchiate
	 2 apparenza
	 2 apparire
	 2 apparteneva
	 2 appartenevano
	 2 applicargli
	 2 appoggiata
	 2 appoggiato
	 2 appostatamente
	 2 approfittavano
	 2 appuntate
	 2 appunto
	 2 aprendo
	 2 aprendosi
	 2 aprir
	 2 aprire
	 2 aprite
	 2 apriva
	 2 arbitraria
	 2 arbitrario
	 2 arbitrio
	 2 arcivescovo
	 2 ardito
	 2 argomento
	 2 armare
	 2 arnoldo
	 2 arricciati
	 2 arringo
	 2 arriva
	 2 arrivasse
	 2 arrivava
	 2 arrolati
	 2 arrovesciate
	 2 arte
	 2 artigianello
	 2 artigiani
	 2 artigli
	 2 asili
	 2 aspettar
	 2 aspettarsi
	 2 aspetti
	 2 assalito
	 2 assalti
	 2 assaporato
	 2 assicura
	 2 assicurare
	 2 assicurarsene
	 2 assoggettavano
	 2 assolutamente
	 2 assorbito
	 2 astioso
	 2 astratto
	 2 astuti
	 2 attaccar
	 2 attaccata
	 2 attaccate
	 2 attaccato
	 2 attentamente
	 2 attenzione
	 2 attesta
	 2 attestare
	 2 atti
	 2 attioni
	 2 attirati
	 2 attraversatolo
	 2 aumentabili
	 2 autentici
	 2 autografo
	 2 autorevole
	 2 autori
	 2 auuenuto
	 2 avendo
	 2 avendolo
	 2 avere
	 2 averle
	 2 averne
	 2 avesser
	 2 aveste
	 2 avevam
	 2 avevan
	 2 avevo
	 2 avrei
	 2 avrem
	 2 avuta
	 2 avvedersene
	 2 avvenimento
	 2 avvenire
	 2 avvenuto
	 2 avvertito
	 2 avvezza
	 2 avvezzi
	 2 avviandosi
	 2 avvisa
	 2 avviso
	 2 axrma
	 2 bacco
	 2 bada
	 2 badare
	 2 badate
	 2 badi
	 2 balordo
	 2 balze
	 2 banco
	 2 barberi
	 2 bastante
	 2 bastar
	 2 bastati
	 2 basti
	 2 battendo
	 2 battere
	 2 batteva
	 2 battuto
	 2 bei
	 2 bellici
	 2 bestia
	 2 bettina
	 2 bianco
	 2 biblioteca
	 2 bieche
	 2 bigiognolo
	 2 birboni
	 2 biron
	 2 birri
	 2 bisognati
	 2 bisognerebbe
	 2 bisogno
	 2 boccone
	 2 bocconi
	 2 bonario
	 2 boschi
	 2 braccj
	 2 briareo
	 2 brillanti
	 2 brivido
	 2 bruciore
	 2 brutale
	 2 brutti
	 2 bucato
	 2 burberi
	 2 burgeto
	 2 burrasche
	 2 bussasse
	 2 buttando
	 2 buttar
	 2 cabale
	 2 cadaueri
	 2 cadere
	 2 cadeva
	 2 cagion
	 2 calante
	 2 calar
	 2 calvo
	 2 cambiando
	 2 camera
	 2 camerali
	 2 cameriero
	 2 cammina
	 2 camminando
	 2 camminasse
	 2 campagne
	 2 campeggia
	 2 campioni
	 2 campo
	 2 cane
	 2 cantando
	 2 canto
	 2 cantonate
	 2 canzonaccia
	 2 capi
	 2 capire
	 2 capitan
	 2 capitano
	 2 capitorno
	 2 capovolti
	 2 capricciose
	 2 caramente
	 2 carattere
	 2 caratteri
	 2 carestia
	 2 carlo
	 2 carta
	 2 casali
	 2 casato
	 2 cascante
	 2 casetta
	 2 castello
	 2 castelnovo
	 2 castelvetrano
	 2 castiglia
	 2 catene
	 2 cattolica
	 2 cattolico
	 2 causale
	 2 cavadenti
	 2 cavarmi
	 2 cavarne
	 2 cavarsi
	 2 cavereste
	 2 cavolo
	 2 cedere
	 2 celibe
	 2 cena
	 2 cencio
	 2 censore
	 2 censura
	 2 cerca
	 2 cercar
	 2 cercare
	 2 cercavano
	 2 cessa
	 2 ceto
	 2 chetamente
	 2 chiacchiere
	 2 chiama
	 2 chiamano
	 2 chiarirci
	 2 chiesa
	 2 chino
	 2 chiudendo
	 2 chiuder
	 2 chiudere
	 2 chiudeva
	 2 chiuse
	 2 chiuso
	 2 ciarlato
	 2 ciarle
	 2 cifra
	 2 cime
	 2 cinto
	 2 cintura
	 2 ciottoli
	 2 ciottoloni
	 2 circostante
	 2 circostanze
	 2 citeremo
	 2 ciuffo
	 2 civile
	 2 clemenza
	 2 clientela
	 2 climi
	 2 cocuzzoli
	 2 coda
	 2 codeste
	 2 codesti
	 2 codice
	 2 coglie
	 2 cognatio
	 2 coi
	 2 collaborare
	 2 collare
	 2 collegati
	 2 color
	 2 colore
	 2 colori
	 2 colpi
	 2 coltellaccio
	 2 coltellate
	 2 coltello
	 2 comandante
	 2 comandare
	 2 comari
	 2 cominci
	 2 cominciando
	 2 cominciasse
	 2 cominciava
	 2 commettere
	 2 commettono
	 2 comminazioni
	 2 commossa
	 2 commovere
	 2 como
	 2 comoda
	 2 compagni
	 2 compagnone
	 2 comparendo
	 2 comparve
	 2 compatisco
	 2 compiacenza
	 2 complimento
	 2 compose
	 2 composte
	 2 comprarsi
	 2 comprendere
	 2 compresi
	 2 comprimere
	 2 comunemente
	 2 concepita
	 2 concertato
	 2 concettini
	 2 conchiude
	 2 conchiudere
	 2 condanna
	 2 conditio
	 2 condividi
	 2 condoglianze
	 2 conduceva
	 2 condurre
	 2 confermandosi
	 2 confessi
	 2 confetti
	 2 confidare
	 2 confidati
	 2 confine
	 2 confluente
	 2 conformarci
	 2 confratelli
	 2 confraternite
	 2 confusione
	 2 confuso
	 2 congegnate
	 2 congiunge
	 2 congiurare
	 2 connivenza
	 2 conoscer
	 2 conoscere
	 2 conoscerlo
	 2 conosciuto
	 2 conservarsi
	 2 considerabile
	 2 considerando
	 2 consigliere
	 2 consimili
	 2 consisteva
	 2 consolante
	 2 consolazione
	 2 consonanti
	 2 consuetudine
	 2 consulte
	 2 contando
	 2 contanti
	 2 contemplate
	 2 contendenti
	 2 contese
	 2 contigui
	 2 contingenti
	 2 continuamente
	 2 continuando
	 2 continuava
	 2 contornandosi
	 2 contra
	 2 contraddirgli
	 2 contrae
	 2 contrapposto
	 2 contrario
	 2 contrassegno
	 2 contrastar
	 2 contrasti
	 2 contravvenire
	 2 contribuito
	 2 convenisse
	 2 convento
	 2 conversazione
	 2 convien
	 2 cooperatore
	 2 copia
	 2 coraggioso
	 2 cordova
	 2 corno
	 2 corporazione
	 2 correre
	 2 corretta
	 2 correvano
	 2 corrispondendo
	 2 corrono
	 2 corteggio
	 2 coscienza
	 2 costato
	 2 costretta
	 2 costringendo
	 2 costume
	 2 costumi
	 2 cotta
	 2 crediamo
	 2 creditore
	 2 crescendo
	 2 crescente
	 2 crescere
	 2 crimen
	 2 critica
	 2 critico
	 2 crocchio
	 2 culturale
	 2 cultus
	 2 cuoio
	 2 curati
	 2 curatore
	 2 curava
	 2 curvo
	 2 dandogli
	 2 darebbe
	 2 darla
	 2 darlo
	 2 darmi
	 2 darne
	 2 davano
	 2 davo
	 2 debole
	 2 debolezza
	 2 deboli
	 2 debolmente
	 2 decadenza
	 2 decidersi
	 2 decise
	 2 decisivo
	 2 declamava
	 2 declamazioni
	 2 dedicava
	 2 deffinire
	 2 degni
	 2 degnino
	 2 degradando
	 2 delli
	 2 delusione
	 2 denti
	 2 denunciet
	 2 deposito
	 2 deputati
	 2 descriuendo
	 2 descrivere
	 2 desiderava
	 2 design
	 2 destino
	 2 destrezza
	 2 determinata
	 2 determinato
	 2 dette
	 2 deve
	 2 devo
	 2 dia
	 2 diabolica
	 2 diaboliche
	 2 diavoleria
	 2 dicesse
	 2 dicevo
	 2 dichiara
	 2 dicono
	 2 difendere
	 2 difenderlo
	 2 difese
	 2 difesi
	 2 difficile
	 2 difficilmente
	 2 diffinisce
	 2 diffusione
	 2 diggiuna
	 2 dilavato
	 2 diligentemente
	 2 diluviavano
	 2 dipende
	 2 dipendesse
	 2 dipendevano
	 2 dipinger
	 2 dipingeva
	 2 dipinte
	 2 dipresso
	 2 diradar
	 2 direi
	 2 dirette
	 2 dirimpetto
	 2 diritta
	 2 diritti
	 2 diritto
	 2 dirizzando
	 2 dirlo
	 2 dirmi
	 2 dirsi
	 2 disarmata
	 2 discerna
	 2 discorrere
	 2 discorso
	 2 discosto
	 2 discreta
	 2 discrezione
	 2 disegni
	 2 disegno
	 2 disgustati
	 2 disparitas
	 2 disparte
	 2 disparve
	 2 dispensa
	 2 disperata
	 2 dispetto
	 2 dispiace
	 2 dispiacque
	 2 disponendosi
	 2 disponibile
	 2 disponibili
	 2 disporle
	 2 disposizioni
	 2 dissimulando
	 2 distante
	 2 distendersi
	 2 distinguer
	 2 distinte
	 2 distribuito
	 2 distrutta
	 2 disubbidire
	 2 disuguali
	 2 dite
	 2 dito
	 2 divenivan
	 2 divenne
	 2 diventar
	 2 diversi
	 2 diverso
	 2 diviato
	 2 divideva
	 2 dividon
	 2 divorato
	 2 dobbiam
	 2 dolce
	 2 dolorosamente
	 2 doloroso
	 2 domandar
	 2 domandarmi
	 2 domestico
	 2 dominato
	 2 donazione
	 2 donde
	 2 donna
	 2 donne
	 2 dose
	 2 dotato
	 2 doue
	 2 dourebbe
	 2 doversi
	 2 dovessero
	 2 dovette
	 2 dovevan
	 2 dovizioso
	 2 dubbi
	 2 dubitativa
	 2 duque
	 2 dura
	 2 durar
	 2 durata
	 2 duri
	 2 ebbene
	 2 editore
	 2 editoria
	 2 educazione
	 2 ehm
	 2 el
	 2 eleganza
	 2 elettronico
	 2 elevate
	 2 emolumenti
	 2 empiendo
	 2 energia
	 2 enorme
	 2 enrico
	 2 enriquez
	 2 entrambi
	 2 entrava
	 2 enumerati
	 2 eravamo
	 2 ereditaria
	 2 eroi
	 2 error
	 2 erte
	 2 esacerbato
	 2 esaminandole
	 2 esca
	 2 esce
	 2 esecrata
	 2 esecutori
	 2 eseguire
	 2 eseguite
	 2 esempio
	 2 esenzioni
	 2 esercitar
	 2 esercitare
	 2 esercitarsi
	 2 esercizio
	 2 esistiti
	 2 esorbitanti
	 2 esperienza
	 2 esperti
	 2 esposta
	 2 espressamente
	 2 espressiva
	 2 esse
	 2 essendosi
	 2 essergli
	 2 estendere
	 2 esterminio
	 2 estesi
	 2 estirpare
	 2 estirparlo
	 2 estremo
	 2 evidenza
	 2 fabio
	 2 faccende
	 2 facendo
	 2 facesse
	 2 faceste
	 2 facevam
	 2 facevan
	 2 facevano
	 2 facili
	 2 facilitar
	 2 facilitato
	 2 facinorosi
	 2 falso
	 2 fama
	 2 fame
	 2 famigliare
	 2 fanciulle
	 2 fanciulletta
	 2 fandonie
	 2 fantasie
	 2 fantasticaggini
	 2 fantasticare
	 2 fantastico
	 2 farle
	 2 farlo
	 2 farmi
	 2 fastidiosi
	 2 fatemi
	 2 fatiche
	 2 fattura
	 2 fautori
	 2 favore
	 2 febbraio
	 2 fecero
	 2 fedel
	 2 fedele
	 2 ferite
	 2 ferma
	 2 fermarsi
	 2 fermato
	 2 ferro
	 2 fessi
	 2 festa
	 2 fianchi
	 2 fiaschetto
	 2 fiaterebbe
	 2 fidata
	 2 fiele
	 2 figliuolo
	 2 figueroa
	 2 figura
	 2 figuracce
	 2 fila
	 2 filatoio
	 2 filatore
	 2 fili
	 2 finestra
	 2 fini
	 2 finir
	 2 finissimo
	 2 finivano
	 2 fioca
	 2 fissava
	 2 fisse
	 2 floridissima
	 2 floscio
	 2 fo
	 2 foci
	 2 foggia
	 2 folla
	 2 fondato
	 2 forbite
	 2 forestiera
	 2 forestieri
	 2 forma
	 2 formano
	 2 formare
	 2 formarne
	 2 formata
	 2 formavano
	 2 fortezza
	 2 forzati
	 2 forzato
	 2 fra
	 2 fracasso
	 2 frangenti
	 2 frasi
	 2 frazione
	 2 fredda
	 2 frequenti
	 2 frequentissime
	 2 frias
	 2 frugar
	 2 fuentes
	 2 fuggitivo
	 2 fughe
	 2 furie
	 2 furore
	 2 gagliarde
	 2 gala
	 2 galea
	 2 galera
	 2 gelosia
	 2 generale
	 2 generaliter
	 2 generalmente
	 2 gentile
	 2 genuinamente
	 2 germogliare
	 2 gettar
	 2 gettata
	 2 gettate
	 2 ghiaia
	 2 giace
	 2 giamai
	 2 gioco
	 2 giogaia
	 2 gioghi
	 2 giogo
	 2 gioia
	 2 giornata
	 2 giovane
	 2 giovanetto
	 2 giovanni
	 2 gioviale
	 2 gioviali
	 2 giovinotto
	 2 girando
	 2 girati
	 2 girava
	 2 giudice
	 2 giudici
	 2 giugno
	 2 giunse
	 2 giuramento
	 2 giurare
	 2 giurato
	 2 giurisperiti
	 2 giusti
	 2 giustificarne
	 2 giusto
	 2 glielo
	 2 gloriose
	 2 gocciolo
	 2 goffaggine
	 2 gomez
	 2 gomita
	 2 gonfi
	 2 gongola
	 2 gonzalo
	 2 gradevolmente
	 2 gradimento
	 2 graffiato
	 2 grammatica
	 2 grande
	 2 grandine
	 2 grandiosa
	 2 gratuita
	 2 grazie
	 2 gridando
	 2 gridare
	 2 grigi
	 2 grilli
	 2 grillo
	 2 grosse
	 2 grossi
	 2 gruppo
	 2 guadagnar
	 2 guai
	 2 guardano
	 2 guardarsi
	 2 guardata
	 2 guardava
	 2 guardi
	 2 guardia
	 2 guarnigione
	 2 guarnita
	 2 guerra
	 2 guerre
	 2 gusto
	 2 haro
	 2 hauendo
	 2 hauuto
	 2 heroi
	 2 honestas
	 2 hynojosa
	 2 idea
	 2 idiotismi
	 2 ieri
	 2 ignorante
	 2 ii
	 2 illumina
	 2 illustre
	 2 imbalsamando
	 2 imbasciata
	 2 imitazione
	 2 immaginare
	 2 immediata
	 2 immediato
	 2 immobile
	 2 impastocchiate
	 2 impazienza
	 2 impedimenti
	 2 impedimento
	 2 impegnasse
	 2 imperfettione
	 2 impicci
	 2 impicciata
	 2 impiccio
	 2 impiegare
	 2 impiegato
	 2 imponeva
	 2 imprese
	 2 impressione
	 2 improperio
	 2 imprudente
	 2 impugnati
	 2 inazione
	 2 incalzanti
	 2 incantato
	 2 incapaci
	 2 incaricati
	 2 inceppare
	 2 incertezza
	 2 incerto
	 2 inchino
	 2 inchiostri
	 2 inciampo
	 2 inclinazione
	 2 incontrato
	 2 incontri
	 2 incrociate
	 2 indagine
	 2 indefinite
	 2 indicando
	 2 indice
	 2 indirizzo
	 2 indiscrezione
	 2 individui
	 2 individuo
	 2 indizj
	 2 infanti
	 2 inferiore
	 2 inferiori
	 2 inferno
	 2 informarlo
	 2 informativo
	 2 informazione
	 2 infuriati
	 2 inghiottiti
	 2 ingrossa
	 2 iniqua
	 2 iniziativa
	 2 innamorato
	 2 inoffensivo
	 2 insegnavan
	 2 inseguimenti
	 2 inseguitemi
	 2 insidia
	 2 insidie
	 2 insomma
	 2 insultata
	 2 insulto
	 2 intendere
	 2 interessati
	 2 interessato
	 2 interesse
	 2 intermezi
	 2 internandosi
	 2 interni
	 2 interrogare
	 2 interrompere
	 2 interrotte
	 2 interrotto
	 2 intraprendenti
	 2 introduzione
	 2 inuguali
	 2 invenzioni
	 2 invia
	 2 involta
	 2 iosa
	 2 ipsilon
	 2 iracondo
	 2 isbn
	 2 iscansarli
	 2 iscoprire
	 2 iscoprite
	 2 ispavento
	 2 ispegnerla
	 2 ispianate
	 2 ispiar
	 2 istantaneo
	 2 istante
	 2 istinto
	 2 istruzioni
	 2 it
	 2 italia
	 2 italiani
	 2 iv
	 2 juan
	 2 labirinti
	 2 laiche
	 2 lamentazioni
	 2 lamenti
	 2 lamine
	 2 lampante
	 2 lampo
	 2 lanciarsi
	 2 lanciava
	 2 lara
	 2 larga
	 2 larghe
	 2 lasceremo
	 2 lascian
	 2 lasciando
	 2 lasciandosi
	 2 lasciarne
	 2 lasciato
	 2 lasciavan
	 2 latino
	 2 lavo
	 2 lavoranti
	 2 lavorare
	 2 lavorava
	 2 lecco
	 2 lecito
	 2 legato
	 2 leggesse
	 2 leggiera
	 2 leggieri
	 2 leghe
	 2 legislatore
	 2 lembo
	 2 leone
	 2 lettera
	 2 letterarie
	 2 letteratura
	 2 levar
	 2 levarnela
	 2 levata
	 2 libera
	 2 liberamente
	 2 liberare
	 2 libero
	 2 libri
	 2 lieta
	 2 ligamen
	 2 lingua
	 2 livrea
	 2 lombarda
	 2 lombardi
	 2 lombardia
	 2 lontano
	 2 lorenzo
	 2 lucenti
	 2 lucida
	 2 lucido
	 2 lucrosa
	 2 luna
	 2 lungamente
	 2 luochi
	 2 luoghi
	 2 lusinga
	 2 luttuose
	 2 madonna
	 2 maestranze
	 2 maggior
	 2 maggiore
	 2 maggiori
	 2 magistrati
	 2 magnifico
	 2 mal
	 2 malanno
	 2 malatesti
	 2 malattie
	 2 maledicevano
	 2 maledizione
	 2 malitia
	 2 manca
	 2 mancare
	 2 mancasse
	 2 mancassero
	 2 mandante
	 2 mandare
	 2 mandato
	 2 mandavamo
	 2 mandi
	 2 maneggj
	 2 mangi
	 2 maniera
	 2 manieroso
	 2 mansueta
	 2 maraviglia
	 2 marcocalvo
	 2 maritar
	 2 maritarci
	 2 maritarsi
	 2 maritarvi
	 2 marito
	 2 martello
	 2 martino
	 2 martiri
	 2 marzo
	 2 massaio
	 2 massi
	 2 massime
	 2 massimo
	 2 matrimonium
	 2 mattone
	 2 meccaniche
	 2 medesime
	 2 medesimo
	 2 medesmo
	 2 media
	 2 medici
	 2 medicina
	 2 medio
	 2 meditata
	 2 memorabile
	 2 memorabili
	 2 memoria
	 2 memorie
	 2 menando
	 2 menava
	 2 mendozza
	 2 mentalmente
	 2 mento
	 2 menzione
	 2 mercante
	 2 mercanti
	 2 mercato
	 2 mescendo
	 2 mese
	 2 messa
	 2 messele
	 2 messere
	 2 messosi
	 2 metta
	 2 metterci
	 2 metterebbe
	 2 metterla
	 2 metterlo
	 2 mettesse
	 2 mettono
	 2 mezzogiorno
	 2 migliori
	 2 mille
	 2 minacciare
	 2 minacciata
	 2 minuta
	 2 minutamente
	 2 mira
	 2 mirabile
	 2 mischiarsi
	 2 miserabile
	 2 misterioso
	 2 misto
	 2 misure
	 2 modesta
	 2 modestia
	 2 modi
	 2 molestare
	 2 moltiplicando
	 2 momentaneamente
	 2 monaci
	 2 mondadori
	 2 monizione
	 2 montagna
	 2 montagne
	 2 mordere
	 2 morosa
	 2 morti
	 2 morto
	 2 mostra
	 2 mostraron
	 2 movimento
	 2 multimedia
	 2 mura
	 2 murettino
	 2 mustacchi
	 2 mutabili
	 2 mutano
	 2 mutato
	 2 nappa
	 2 narratione
	 2 narrazione
	 2 nascevan
	 2 nascita
	 2 nascondendo
	 2 nascondevo
	 2 nascono
	 2 nascosta
	 2 nata
	 2 nate
	 2 nato
	 2 necessarie
	 2 negarla
	 2 negata
	 2 nei
	 2 nemici
	 2 neppure
	 2 nobil
	 2 nobilissimo
	 2 notabile
	 2 note
	 2 notitia
	 2 notizia
	 2 noto
	 2 notturno
	 2 novembre
	 2 nozze
	 2 obbedita
	 2 obbliga
	 2 obbligati
	 2 obblighi
	 2 obiezion
	 2 obiezioni
	 2 occasioni
	 2 occhij
	 2 occorso
	 2 occupata
	 2 od
	 2 offendere
	 2 offerse
	 2 offerti
	 2 offesi
	 2 offeso
	 2 officiale
	 2 oggetti
	 2 ognun
	 2 oligarchie
	 2 omicidii
	 2 omicidio
	 2 onestamente
	 2 onesti
	 2 onor
	 2 operaio
	 2 operare
	 2 operationi
	 2 operazioni
	 2 opere
	 2 opinione
	 2 opposto
	 2 oppresso
	 2 or
	 2 oratore
	 2 ordina
	 2 ordinazioni
	 2 ordine
	 2 ordini
	 2 ordo
	 2 organizzata
	 2 oricalchi
	 2 orna
	 2 orticello
	 2 osato
	 2 oscuro
	 2 ostacoli
	 2 ostante
	 2 ostinate
	 2 ottenere
	 2 ottima
	 2 ottimo
	 2 ottobre
	 2 ouuero
	 2 oziosamente
	 2 pacifico
	 2 padre
	 2 paesello
	 2 paesetti
	 2 paghe
	 2 pagina
	 2 paia
	 2 palazzo
	 2 palme
	 2 pandolfo
	 2 paragone
	 2 parche
	 2 pare
	 2 parentela
	 2 paressero
	 2 parevano
	 2 parlarle
	 2 parlarne
	 2 parlava
	 2 parlo
	 2 parolacce
	 2 parsa
	 2 particolare
	 2 particolareggiati
	 2 partir
	 2 parto
	 2 passa
	 2 passar
	 2 passare
	 2 passava
	 2 passeggiate
	 2 passeggiere
	 2 passeggiero
	 2 paure
	 2 paziente
	 2 pazzamente
	 2 pecca
	 2 peccato
	 2 pedestri
	 2 peggior
	 2 pelle
	 2 penare
	 2 penne
	 2 penosi
	 2 pensa
	 2 pensai
	 2 pensano
	 2 pensar
	 2 pensarci
	 2 pensate
	 2 pensi
	 2 pensino
	 2 pentirsi
	 2 pentiva
	 2 perdendosi
	 2 perdersi
	 2 perduta
	 2 perentoria
	 2 perfino
	 2 pericolose
	 2 periodi
	 2 perpetuo
	 2 personaggio
	 2 personaggj
	 2 personali
	 2 personalmente
	 2 persuadere
	 2 perturbatori
	 2 pervertimento
	 2 peso
	 2 pessimo
	 2 pettegolezzi
	 2 pezze
	 2 pian
	 2 piane
	 2 pianeti
	 2 piantandogli
	 2 piantarsi
	 2 piccole
	 2 piccolissimo
	 2 pietosi
	 2 pietro
	 2 piglia
	 2 piglian
	 2 pistole
	 2 piuttosto
	 2 poderetto
	 2 poggi
	 2 poggio
	 2 politici
	 2 polso
	 2 polvere
	 2 pone
	 2 popolazione
	 2 porpora
	 2 portamento
	 2 portano
	 2 portar
	 2 portata
	 2 portava
	 2 porto
	 2 posato
	 2 positivo
	 2 possa
	 2 possedere
	 2 possedeva
	 2 possibili
	 2 posteri
	 2 posteriori
	 2 posti
	 2 posto
	 2 potendo
	 2 potentati
	 2 potenti
	 2 potenza
	 2 poter
	 2 potere
	 2 poterla
	 2 potete
	 2 potranno
	 2 potreste
	 2 poveretto
	 2 poveri
	 2 precauzioni
	 2 precipitando
	 2 precisa
	 2 predecessore
	 2 predicava
	 2 prediletta
	 2 prediletto
	 2 pregato
	 2 premere
	 2 premio
	 2 premura
	 2 premurosa
	 2 prencipi
	 2 prendendogli
	 2 prendendole
	 2 prendere
	 2 prenderla
	 2 prenderle
	 2 prendevan
	 2 prendiamo
	 2 preparare
	 2 prescrizioni
	 2 presentare
	 2 presentarsi
	 2 presentato
	 2 prestargli
	 2 presto
	 2 presumere
	 2 prete
	 2 pretendiam
	 2 pretesti
	 2 preti
	 2 prevenire
	 2 prigionieri
	 2 prime
	 2 primi
	 2 principale
	 2 principali
	 2 principi
	 2 private
	 2 privato
	 2 privilegiata
	 2 privo
	 2 pro
	 2 procacciar
	 2 procacciarsi
	 2 procedono
	 2 procedure
	 2 processo
	 2 procurando
	 2 procurare
	 2 producevan
	 2 proemio
	 2 profane
	 2 proferendo
	 2 proferire
	 2 proferisse
	 2 proferito
	 2 profondamente
	 2 profondo
	 2 proibito
	 2 prolungano
	 2 prolungar
	 2 promettete
	 2 prometto
	 2 promontorio
	 2 pronti
	 2 pronunziato
	 2 proponimento
	 2 proporzione
	 2 proposto
	 2 proprie
	 2 proruppe
	 2 prosapia
	 2 proseguiva
	 2 prospetti
	 2 protegge
	 2 proteggeva
	 2 proteste
	 2 protezione
	 2 provasse
	 2 provata
	 2 provato
	 2 provocatori
	 2 provvisto
	 2 prudenza
	 2 pubblica
	 2 pubblicato
	 2 pubblici
	 2 pubblico
	 2 pugnale
	 2 pugno
	 2 punire
	 2 punti
	 2 puntiglio
	 2 purgatorio
	 2 puri
	 2 purissimi
	 2 qualificati
	 2 qualmente
	 2 qualsivoglia
	 2 quanta
	 2 quantunque
	 2 quaranta
	 2 quieti
	 2 quieto
	 2 rabbia
	 2 raccapezzar
	 2 raccomodarlo
	 2 racconta
	 2 raccontare
	 2 raccontato
	 2 raddirizzar
	 2 raddolcita
	 2 radici
	 2 ragazzacci
	 2 ragazzone
	 2 raggiunse
	 2 ragion
	 2 ragionevole
	 2 ragionevoli
	 2 rallentarsi
	 2 ramo
	 2 rapido
	 2 rapiscono
	 2 rappresentano
	 2 rappresentava
	 2 rassegna
	 2 rassicurando
	 2 rassicurava
	 2 reale
	 2 realizzato
	 2 realmente
	 2 recitato
	 2 regii
	 2 regola
	 2 regolavan
	 2 rei
	 2 relatione
	 2 remissione
	 2 renda
	 2 rendersi
	 2 rendono
	 2 renitenti
	 2 replicare
	 2 represso
	 2 resegone
	 2 reso
	 2 respinti
	 2 respiro
	 2 reticella
	 2 retroguardia
	 2 revisione
	 2 ribalda
	 2 ribalderia
	 2 ribalderie
	 2 ribaldi
	 2 ribatterle
	 2 ricamo
	 2 ricchi
	 2 ricco
	 2 ricevere
	 2 richiama
	 2 richiamato
	 2 richiedono
	 2 richiuse
	 2 riconosceva
	 2 riconosciuti
	 2 ricorda
	 2 ricordi
	 2 ricorre
	 2 ricorreggere
	 2 ricoverarsi
	 2 ridersi
	 2 ridicola
	 2 ridotti
	 2 rientrare
	 2 rifar
	 2 rifarne
	 2 rifiutando
	 2 rifiutati
	 2 rifiutava
	 2 riflessione
	 2 riflesso
	 2 riflette
	 2 rigido
	 2 rigogliosa
	 2 riguarda
	 2 riguardarsi
	 2 rilevate
	 2 rimanendo
	 2 rimanersi
	 2 rimanevano
	 2 rimase
	 2 rimasti
	 2 rimasto
	 2 rimbombar
	 2 rimedi
	 2 rimette
	 2 rimettetevi
	 2 rimorso
	 2 rimproverate
	 2 rimproveri
	 2 rincomincia
	 2 rinforzate
	 2 ripetendo
	 2 ripide
	 2 ripieno
	 2 ripigliar
	 2 riporlo
	 2 riportati
	 2 ripose
	 2 ripubblicare
	 2 ripubblicate
	 2 riputato
	 2 rischio
	 2 riscontrandole
	 2 riscotere
	 2 risentirsi
	 2 risentita
	 2 riservassero
	 2 riso
	 2 risoluti
	 2 risolvon
	 2 risparmio
	 2 rispettabile
	 2 rispetti
	 2 risplenda
	 2 risponde
	 2 risponder
	 2 rispondergli
	 2 rispostole
	 2 ristringersi
	 2 ritenere
	 2 ritenga
	 2 ritenne
	 2 ritrovati
	 2 ritta
	 2 riunirsi
	 2 riunite
	 2 riuscir
	 2 riuscito
	 2 riuscivamo
	 2 riverente
	 2 riverisce
	 2 riverisco
	 2 riverita
	 2 rivolgendo
	 2 rivolse
	 2 rivoltava
	 2 rocroi
	 2 rompe
	 2 ronzavano
	 2 rotta
	 2 rotto
	 2 rovinarmi
	 2 rovinarsi
	 2 rovine
	 2 ruberie
	 2 rupi
	 2 sacco
	 2 sacrificarsi
	 2 sacro
	 2 saggio
	 2 sagrifizio
	 2 salario
	 2 sale
	 2 salire
	 2 saliva
	 2 salmo
	 2 saltato
	 2 salto
	 2 saluto
	 2 salvo
	 2 san
	 2 santi
	 2 saperli
	 2 saperne
	 2 sapessero
	 2 sappiamo
	 2 saputo
	 2 sarei
	 2 savoia
	 2 sbagliato
	 2 sbaglio
	 2 sbrattare
	 2 sbrigato
	 2 scalcinatura
	 2 scale
	 2 scalini
	 2 scansar
	 2 scansare
	 2 scappar
	 2 scarabocchio
	 2 scaricarsi
	 2 scarsa
	 2 scartabellando
	 2 scartafaccio
	 2 sceleraggini
	 2 scellerato
	 2 scelta
	 2 scemando
	 2 scemato
	 2 scende
	 2 scendeva
	 2 scene
	 2 scherza
	 2 schiamazzi
	 2 schiera
	 2 schietta
	 2 schietto
	 2 schioppettata
	 2 schivare
	 2 sciagura
	 2 sciagurato
	 2 scomparir
	 2 scomparsi
	 2 scomparso
	 2 sconcertato
	 2 scongiuro
	 2 sconosciuta
	 2 sconosciuto
	 2 scoperto
	 2 scopo
	 2 scoppiavano
	 2 scoprire
	 2 scorcia
	 2 scorgendo
	 2 scorgeva
	 2 scovar
	 2 scritti
	 2 scrittori
	 2 scrivere
	 2 scrivesse
	 2 scusi
	 2 sdegnosa
	 2 sdegnosi
	 2 secentista
	 2 secoli
	 2 secolo
	 2 secondariamente
	 2 sega
	 2 seggiola
	 2 segni
	 2 segreti
	 2 selvaggio
	 2 sembrate
	 2 sembrati
	 2 sembrato
	 2 seminata
	 2 senatori
	 2 sensibile
	 2 senta
	 2 sentenza
	 2 senti
	 2 sentiamo
	 2 sentiero
	 2 sentite
	 2 sento
	 2 separava
	 2 sepolte
	 2 sera
	 2 seria
	 2 serie
	 2 serpeggiamento
	 2 serpeggianti
	 2 servirvi
	 2 servito
	 2 servivano
	 2 sessanta
	 2 sette
	 2 settembre
	 2 settentrione
	 2 severamente
	 2 severissime
	 2 sevitie
	 2 sfarzose
	 2 sfogare
	 2 sfogo
	 2 sforzo
	 2 sgangherati
	 2 sgarbatamente
	 2 sgomberare
	 2 sguaiato
	 2 sicilia
	 2 sicure
	 2 sieno
	 2 siepe
	 2 sigillava
	 2 significato
	 2 sillabe
	 2 simili
	 2 sinceramente
	 2 singolare
	 2 sinistro
	 2 sinodale
	 2 sis
	 2 sito
	 2 smania
	 2 smarrito
	 2 smovere
	 2 soccorrere
	 2 sofferto
	 2 soffrivano
	 2 soggetti
	 2 soggiunse
	 2 sogno
	 2 sol
	 2 solecismi
	 2 solleuarsi
	 2 sollevarle
	 2 somigliare
	 2 sommissioni
	 2 sorpresa
	 2 sorpreso
	 2 sorta
	 2 sorte
	 2 sospender
	 2 sospensioni
	 2 sospeso
	 2 sospetto
	 2 sospiro
	 2 sostanza
	 2 sostener
	 2 sostenuti
	 2 sottomettere
	 2 sottrarci
	 2 sottrarre
	 2 soverchiatore
	 2 soverchiatori
	 2 soverchieria
	 2 soverchierie
	 2 sovvenne
	 2 spadone
	 2 spagnola
	 2 spagnoli
	 2 spalancato
	 2 spalliera
	 2 spandersi
	 2 spandino
	 2 sparava
	 2 sparisce
	 2 sparite
	 2 sparse
	 2 spasso
	 2 spavento
	 2 spazia
	 2 specchio
	 2 speciale
	 2 specificata
	 2 spenzolata
	 2 speranza
	 2 speranze
	 2 speravo
	 2 spero
	 2 spesa
	 2 spettabili
	 2 spettacoli
	 2 spettacolo
	 2 spianava
	 2 spiegano
	 2 spiegatemi
	 2 spingeva
	 2 spinte
	 2 spoglie
	 2 sporgenti
	 2 sporgere
	 2 sposare
	 2 sprigionandosi
	 2 spunta
	 2 spuntava
	 2 squadrati
	 2 squarcio
	 2 stabile
	 2 stabilito
	 2 staccato
	 2 staggione
	 2 stampassero
	 2 stampatori
	 2 stando
	 2 stanga
	 2 star
	 2 stare
	 2 stavano
	 2 stavate
	 2 stelle
	 2 stendendo
	 2 stentato
	 2 stessa
	 2 stesse
	 2 stessero
	 2 stia
	 2 stimare
	 2 stomaco
	 2 strade
	 2 stradicciole
	 2 stralunati
	 2 stranamente
	 2 stranezza
	 2 strani
	 2 straordinario
	 2 stravaganze
	 2 stravolto
	 2 strette
	 2 stretti
	 2 stretto
	 2 strisciando
	 2 studiate
	 2 studio
	 2 stuolo
	 2 suarez
	 2 succhiargli
	 2 sudditi
	 2 sufficienti
	 2 suggerir
	 2 suol
	 2 supplica
	 2 supporre
	 2 suscitar
	 2 svegliarsi
	 2 svolge
	 2 taccio
	 2 tacere
	 2 tacete
	 2 tagliato
	 2 taglio
	 2 taluni
	 2 tanaglie
	 2 tasto
	 2 tavola
	 2 tavolino
	 2 teatro
	 2 teme
	 2 temerarij
	 2 tempera
	 2 temporale
	 2 tempore
	 2 tendenza
	 2 tendere
	 2 tenebrosi
	 2 tenendolo
	 2 tenendosi
	 2 tenendovi
	 2 tenere
	 2 tenersi
	 2 teneva
	 2 tenga
	 2 tentata
	 2 tentato
	 2 teoria
	 2 terminata
	 2 terminavano
	 2 terranuova
	 2 terrapieni
	 2 terreno
	 2 territorij
	 2 territorio
	 2 tese
	 2 testimoni
	 2 testimonianza
	 2 testimonianze
	 2 testimonio
	 2 testimonj
	 2 ti
	 2 tiene
	 2 timida
	 2 timore
	 2 tirala
	 2 tirando
	 2 tirarlo
	 2 tirava
	 2 titoli
	 2 toccan
	 2 toccar
	 2 toccare
	 2 toccavano
	 2 togliendoli
	 2 togliergli
	 2 tollerar
	 2 tollerare
	 2 tollerati
	 2 torbido
	 2 torcendo
	 2 tormento
	 2 tormentosa
	 2 tornati
	 2 torrente
	 2 tosta
	 2 tosto
	 2 totalmente
	 2 tradimento
	 2 tradizione
	 2 traduttore
	 2 trafficando
	 2 traforata
	 2 traggedie
	 2 tralascia
	 2 tramaglino
	 2 tramonta
	 2 tramutato
	 2 tranquilla
	 2 tranquillamente
	 2 tranquillo
	 2 transazione
	 2 trapontando
	 2 trascriver
	 2 trascrivere
	 2 trascurato
	 2 trasformazione
	 2 trasgredire
	 2 trattar
	 2 trattative
	 2 trattava
	 2 trattiamo
	 2 travagli
	 2 travaglio
	 2 traverso
	 2 tremante
	 2 tributarij
	 2 triennio
	 2 trionfante
	 2 troncando
	 2 trouar
	 2 trova
	 2 trovan
	 2 trovar
	 2 troviamo
	 2 tullio
	 2 tumulto
	 2 tumultuariamente
	 2 ubbidienti
	 2 ubbidire
	 2 ubbidito
	 2 udienza
	 2 udito
	 2 ufiziali
	 2 ufizio
	 2 ulteriori
	 2 ulteriormente
	 2 ultimi
	 2 umore
	 2 unghie
	 2 uni
	 2 uniroma1
	 2 uscir
	 2 uscire
	 2 uscirne
	 2 uscita
	 2 uscito
	 2 uscivan
	 2 vagheggiato
	 2 valevan
	 2 valle
	 2 valloncelli
	 2 vane
	 2 vantaggi
	 2 vari
	 2 variato
	 2 varie
	 2 vario
	 2 vasi
	 2 vaso
	 2 vasto
	 2 ve
	 2 vedendo
	 2 vedendoseli
	 2 veder
	 2 vederanno
	 2 vedeva
	 2 vedon
	 2 vedremo
	 2 veduta
	 2 vedute
	 2 veduto
	 2 veemenza
	 2 veglia
	 2 vegliava
	 2 vendemmia
	 2 vendessero
	 2 vendicativo
	 2 venendo
	 2 vengan
	 2 vengo
	 2 vengon
	 2 vengono
	 2 venir
	 2 venirne
	 2 venissero
	 2 venivano
	 2 venticinque
	 2 vera
	 2 verifichi
	 2 versati
	 2 versetto
	 2 verun
	 2 vessare
	 2 vessazioni
	 2 viaggiare
	 2 vicenda
	 2 vicinato
	 2 vicini
	 2 vicino
	 2 vie
	 2 vigorosa
	 2 vile
	 2 villaggio
	 2 ville
	 2 violenti
	 2 violento
	 2 virtuose
	 2 vis
	 2 visacci
	 2 vissero
	 2 viver
	 2 vivevano
	 2 vivo
	 2 vivuta
	 2 vocabolo
	 2 voglion
	 2 vogliono
	 2 volere
	 2 volge
	 2 volgeva
	 2 vollero
	 2 volontariamente
	 2 vorrebbe
	 2 vorreste
	 2 votandolo
	 2 votum
	 2 web
	 2 zanne
	 2 zitta
	 4 2
	 4 25
	 4 abbiano
	 4 accidenti
	 4 accorto
	 4 affare
	 4 affezionata
	 4 alcun
	 4 alta
	 4 amiche
	 4 amici
	 4 andava
	 4 angelo
	 4 anime
	 4 ansioso
	 4 antica
	 4 aspettando
	 4 assai
	 4 assicurarci
	 4 atto
	 4 avanti
	 4 avessi
	 4 avrebber
	 4 bando
	 4 bassa
	 4 bastantemente
	 4 battaglia
	 4 bello
	 4 benissimo
	 4 bestemmia
	 4 bisogna
	 4 book
	 4 borgo
	 4 braccia
	 4 brutto
	 4 buone
	 4 calzoni
	 4 camminava
	 4 cammino
	 4 campi
	 4 cani
	 4 capitolo
	 4 cappello
	 4 carico
	 4 cavalcioni
	 4 cavaliere
	 4 cento
	 4 cercando
	 4 certe
	 4 certi
	 4 chiamava
	 4 chiunque
	 4 ciotti
	 4 classe
	 4 clero
	 4 collana
	 4 collera
	 4 collo
	 4 colloquio
	 4 comando
	 4 compagnia
	 4 compagno
	 4 confidenza
	 4 conosceva
	 4 conosciuti
	 4 contento
	 4 contestabile
	 4 conti
	 4 continua
	 4 conto
	 4 correva
	 4 corso
	 4 costa
	 4 costiera
	 4 costui
	 4 critiche
	 4 dagli
	 4 danno
	 4 dargli
	 4 darle
	 4 data
	 4 datemi
	 4 dato
	 4 davvero
	 4 decembre
	 4 decifrare
	 4 deliberazione
	 4 descritti
	 4 detta
	 4 detti
	 4 dice
	 4 dicevan
	 4 dicitura
	 4 dille
	 4 disposto
	 4 distesa
	 4 ditemi
	 4 divenuto
	 4 dover
	 4 dovuto
	 4 dubbio
	 4 eccellenza
	 4 esame
	 4 esercitava
	 4 evidente
	 4 falde
	 4 famiglia
	 4 farla
	 4 febbre
	 4 fede
	 4 feria
	 4 fermo
	 4 fernandez
	 4 feroce
	 4 figurava
	 4 filosofia
	 4 fissato
	 4 fisso
	 4 formato
	 4 forti
	 4 forze
	 4 fossero
	 4 fuor
	 4 galantuomini
	 4 gambe
	 4 gentiluomo
	 4 giustizia
	 4 golfi
	 4 grado
	 4 guardando
	 4 guardandolo
	 4 guardati
	 4 hanno
	 4 imbrogli
	 4 informazioni
	 4 innanzi
	 4 internet
	 4 intima
	 4 intollerabile
	 4 invano
	 4 lasci
	 4 lega
	 4 legale
	 4 legge
	 4 leggi
	 4 lentamente
	 4 lento
	 4 lettori
	 4 lume
	 4 lunga
	 4 lunghe
	 4 lunghi
	 4 maggio
	 4 mala
	 4 mancavan
	 4 marco
	 4 materie
	 4 mattina
	 4 mesi
	 4 messe
	 4 messi
	 4 messo
	 4 mettere
	 4 militare
	 4 minacce
	 4 minaccia
	 4 minaccioso
	 4 ministero
	 4 miseria
	 4 mistero
	 4 mosse
	 4 muri
	 4 muricciolo
	 4 nascer
	 4 naturalmente
	 4 negli
	 4 neppur
	 4 nessuna
	 4 netto
	 4 nobile
	 4 nostra
	 4 nuova
	 4 nuove
	 4 occasione
	 4 occhio
	 4 oltre
	 4 onde
	 4 onninamente
	 4 pace
	 4 pacifici
	 4 panni
	 4 parer
	 4 pareri
	 4 pareva
	 4 pari
	 4 parlar
	 4 parli
	 4 partiti
	 4 passata
	 4 passeggiata
	 4 passione
	 4 pasticci
	 4 pedata
	 4 pene
	 4 pensato
	 4 perder
	 4 perduto
	 4 periodo
	 4 pernizioso
	 4 persona
	 4 personaggi
	 4 persone
	 4 piacere
	 4 piano
	 4 piccol
	 4 piccola
	 4 piccolo
	 4 piena
	 4 poca
	 4 poche
	 4 ponte
	 4 porta
	 4 potersi
	 4 potevano
	 4 potrebbe
	 4 prendeva
	 4 prepotente
	 4 prescrive
	 4 presente
	 4 presero
	 4 principe
	 4 principio
	 4 professione
	 4 promessa
	 4 promesse
	 4 pronto
	 4 proposito
	 4 provare
	 4 pubblicazione
	 4 pugni
	 4 qualcosa
	 4 qualunque
	 4 quante
	 4 quegli
	 4 questioni
	 4 quiete
	 4 re
	 4 rendere
	 4 resistere
	 4 resto
	 4 rettorica
	 4 ricerche
	 4 rigore
	 4 rimaneva
	 4 rimbombo
	 4 ripiego
	 4 riputazione
	 4 risoluta
	 4 risoluto
	 4 risposta
	 4 risposte
	 4 riuscisse
	 4 riva
	 4 rozzo
	 4 salute
	 4 sangue
	 4 sanno
	 4 saper
	 4 sarebber
	 4 scappando
	 4 scena
	 4 schiena
	 4 schioppettate
	 4 schioppo
	 4 segreto
	 4 seguente
	 4 sei
	 4 seme
	 4 seni
	 4 sente
	 4 sentire
	 4 sentirsi
	 4 sentisse
	 4 sentiva
	 4 seriamente
	 4 serio
	 4 serva
	 4 servitori
	 4 seta
	 4 sforzi
	 4 siccome
	 4 sicuro
	 4 sij
	 4 sijno
	 4 silenzio
	 4 sinistra
	 4 soldati
	 4 soli
	 4 solita
	 4 sorriso
	 4 sospetti
	 4 sospirando
	 4 sostegno
	 4 spalle
	 4 spesso
	 4 sproposito
	 4 squarci
	 4 sta
	 4 stanza
	 4 stento
	 4 stette
	 4 stile
	 4 stizza
	 4 stradetta
	 4 stradette
	 4 strano
	 4 suggerire
	 4 sui
	 4 sulle
	 4 superiori
	 4 tabernacolo
	 4 talvolta
	 4 tanta
	 4 terribile
	 4 terribili
	 4 terrore
	 4 testo
	 4 text
	 4 timor
	 4 tiro
	 4 titolo
	 4 toccasse
	 4 toccato
	 4 toppa
	 4 tornare
	 4 tornava
	 4 torrenti
	 4 trascuro
	 4 tratta
	 4 tratti
	 4 tremolante
	 4 trovato
	 4 tu
	 4 tuo
	 4 turbamento
	 4 usciva
	 4 vasta
	 4 vederlo
	 4 vedervi
	 4 velasco
	 4 venisse
	 4 venne
	 4 venute
	 4 verde
	 4 vetta
	 4 vigne
	 4 vino
	 4 violenze
	 4 vive
	 4 vogliam
	 4 volevan
	 4 volle
	 4 vostra
	 4 zitto
	 6 5
	 6 abbia
	 6 accaduto
	 6 alcuna
	 6 almeno
	 6 altra
	 6 altrimenti
	 6 andati
	 6 anni
	 6 aperto
	 6 appena
	 6 aprile
	 6 aspettare
	 6 avete
	 6 avuto
	 6 basso
	 6 bel
	 6 bicchiere
	 6 breviario
	 6 brontolando
	 6 cagione
	 6 classi
	 6 colpa
	 6 comune
	 6 condizione
	 6 contadini
	 6 conte
	 6 continuo
	 6 corda
	 6 corpo
	 6 corse
	 6 cortile
	 6 cuor
	 6 cuore
	 6 cura
	 6 dai
	 6 dalle
	 6 dar
	 6 dare
	 6 delitti
	 6 dello
	 6 dentro
	 6 dica
	 6 diede
	 6 difesa
	 6 discorsi
	 6 dispiacere
	 6 dita
	 6 domani
	 6 dovere
	 6 ecco
	 6 effetto
	 6 esso
	 6 fa
	 6 fate
	 6 fatica
	 6 fatte
	 6 fiamme
	 6 figliuol
	 6 figure
	 6 fiume
	 6 forte
	 6 fronte
	 6 furia
	 6 gamba
	 6 genere
	 6 gente
	 6 giudizio
	 6 giunto
	 6 giurate
	 6 governo
	 6 impaziente
	 6 intenzione
	 6 ivi
	 6 liberliber
	 6 licenza
	 6 lor
	 6 manico
	 6 men
	 6 mentre
	 6 mettendo
	 6 metter
	 6 mezzi
	 6 momenti
	 6 mossa
	 6 mostrare
	 6 naturale
	 6 nemmen
	 6 nessun
	 6 nobili
	 6 nomi
	 6 nostri
	 6 ognuna
	 6 opposte
	 6 par
	 6 parenti
	 6 parlato
	 6 pericolo
	 6 piede
	 6 pienamente
	 6 prepotenti
	 6 prese
	 6 principalmente
	 6 privilegi
	 6 propria
	 6 qualcheduno
	 6 questione
	 6 riprese
	 6 rispetto
	 6 rive
	 6 salotto
	 6 sappia
	 6 sarebbero
	 6 seconda
	 6 seggiolone
	 6 settimana
	 6 sistema
	 6 soglia
	 6 sole
	 6 solenne
	 6 somma
	 6 sostenere
	 6 specie
	 6 spieghi
	 6 stata
	 6 stizzosa
	 6 sur
	 6 tali
	 6 tanti
	 6 tasca
	 6 taschino
	 6 termine
	 6 terra
	 6 tono
	 6 tre
	 6 troppa
	 6 vagabondi
	 6 vanno
	 6 vece
	 6 vedere
	 6 venuto
	 6 vide
	 6 vien
	 6 viso
	 6 voler
	 6 voltata
	 6 vostro
	 6 vuole
	 8 addosso
	 8 alcuni
	 8 alessandro
	 8 altrui
	 8 autore
	 8 avevano
	 8 braccio
	 8 certamente
	 8 colui
	 8 costoro
	 8 costretto
	 8 credere
	 8 date
	 8 davanti
	 8 dei
	 8 delitto
	 8 diceva
	 8 dietro
	 8 dovesse
	 8 edizione
	 8 elettronica
	 8 erano
	 8 essa
	 8 essendo
	 8 fallato
	 8 fargli
	 8 farsi
	 8 finalmente
	 8 fine
	 8 fino
	 8 fondo
	 8 galantuomo
	 8 informato
	 8 intanto
	 8 interruppe
	 8 lavoro
	 8 letto
	 8 liber
	 8 luce
	 8 manoscritto
	 8 manzoni
	 8 marchese
	 8 meglio
	 8 mettersi
	 8 molte
	 8 molti
	 8 muro
	 8 nemico
	 8 ognuno
	 8 parole
	 8 parti
	 8 partito
	 8 parve
	 8 passi
	 8 peggio
	 8 pensare
	 8 penso
	 8 petto
	 8 pezzo
	 8 pochi
	 8 potente
	 8 prender
	 8 primo
	 8 promessi
	 8 punta
	 8 qual
	 8 quanto
	 8 quindi
	 8 quindici
	 8 racconto
	 8 sapete
	 8 siano
	 8 sola
	 8 solito
	 8 soltanto
	 8 stati
	 8 stessi
	 8 tale
	 8 tante
	 8 tenuto
	 8 terre
	 8 tocca
	 8 toccata
	 8 tratto
	 8 va
	 8 vantaggio
	 8 veniva
	 8 veramente
	 8 viene
	 8 viottole
	 8 vista
	 8 vita
	 8 volesse
	 10 agli
	 10 alcuno
	 10 ancor
	 10 buona
	 10 caro
	 10 caso
	 10 certo
	 10 chiaro
	 10 chiave
	 10 cielo
	 10 coloro
	 10 destra
	 10 dio
	 10 doveva
	 10 duca
	 10 etc
	 10 faccia
	 10 faceva
	 10 fatta
	 10 fin
	 10 forse
	 10 giovine
	 10 http
	 10 indietro
	 10 intorno
	 10 lettore
	 10 mani
	 10 miei
	 10 monte
	 10 nello
	 10 no
	 10 numero
	 10 piedi
	 10 potesse
	 10 potuto
	 10 proprio
	 10 pur
	 10 quanti
	 10 ragione
	 10 rodrigo
	 10 sapere
	 10 secondo
	 10 segno
	 10 signori
	 10 sposi
	 10 tempi
	 10 trovarsi
	 10 trovava
	 10 tutta
	 10 tuttavia
	 10 vedete
	 10 vivere
	 10 volte
	 10 volto
	 10 vorrei
	 12 abbiam
	 12 abbiate
	 12 alzando
	 12 ancora
	 12 bella
	 12 bravo
	 12 capo
	 12 dinanzi
	 12 egli
	 12 essere
	 12 essi
	 12 fanno
	 12 fretta
	 12 governatore
	 12 grida
	 12 gride
	 12 incontro
	 12 mezzo
	 12 mia
	 12 milano
	 12 mise
	 12 modo
	 12 monti
	 12 nessuno
	 12 padrone
	 12 paese
	 12 parere
	 12 parlare
	 12 parola
	 12 paura
	 12 ragioni
	 12 sguardo
	 12 sia
	 12 siam
	 12 solo
	 12 sono
	 12 sotto
	 12 stava
	 12 storia
	 12 torto
	 12 vero
	 14 basta
	 14 de
	 14 dicendo
	 14 dunque
	 14 eccellentissimo
	 14 esser
	 14 et
	 14 giorni
	 14 lago
	 14 libro
	 14 luogo
	 14 matrimonio
	 14 meno
	 14 molto
	 14 notte
	 14 nulla
	 14 nuovi
	 14 oggi
	 14 pensiero
	 14 poco
	 14 pure
	 14 qua
	 14 quali
	 14 sapeva
	 14 siamo
	 14 tal
	 14 testa
	 14 tutte
	 14 uomini
	 14 voglia
	 14 voluto
	 16 amor
	 16 anzi
	 16 avesse
	 16 bocca
	 16 dalla
	 16 eran
	 16 li
	 16 mondo
	 16 nelle
	 16 nostro
	 16 oh
	 16 passo
	 16 pensieri
	 16 rispose
	 16 sa
	 16 sarebbe
	 16 so
	 16 sue
	 16 uomo
	 16 volete
	 18 alle
	 18 avrebbe
	 18 degli
	 18 dopo
	 18 fatti
	 18 fuori
	 18 male
	 18 nuovo
	 18 poteva
	 18 punto
	 18 quelli
	 18 troppo
	 20 ai
	 20 altri
	 20 casa
	 20 dico
	 20 dire
	 20 fece
	 20 forza
	 20 fosse
	 20 lucia
	 20 mente
	 20 pazienza
	 20 quello
	 20 queste
	 20 qui
	 20 tanto
	 20 verso
	 22 allora
	 22 buon
	 22 cose
	 22 dir
	 22 insieme
	 22 momento
	 22 povero
	 22 quasi
	 22 sopra
	 22 strada
	 22 uno
	 22 voglio
	 22 voi
	 22 volta
	 24 bene
	 24 col
	 24 curato
	 24 dove
	 24 ed
	 24 fatto
	 24 niente
	 24 nome
	 24 occhi
	 24 posso
	 24 quale
	 24 signore
	 24 stato
	 24 su
	 24 suoi
	 26 aver
	 26 cui
	 26 detto
	 26 fu
	 26 mano
	 26 noi
	 26 ora
	 26 stesso
	 26 sulla
	 26 vuol
	 28 ben
	 28 via
	 28 voce
	 30 altro
	 30 contro
	 30 ha
	 30 ho
	 30 subito
	 32 me
	 32 nella
	 32 perpetua
	 32 prima
	 32 quelle
	 32 questi
	 32 son
	 32 sul
	 34 delle
	 34 mio
	 34 tutti
	 36 anche
	 36 dal
	 36 far
	 36 lei
	 36 signor
	 38 fare
	 40 giorno
	 40 mai
	 42 ad
	 42 chi
	 42 disse
	 42 parte
	 42 vi
	 44 bravi
	 44 lui
	 44 senza
	 44 tempo
	 46 gran
	 46 nel
	 46 quando
	 46 quella
	 46 sempre
	 48 ne
	 48 tra
	 50 aveva
	 52 alla
	 52 tutto
	 54 mi
	 54 questa
	 56 io
	 56 loro
	 56 ogni
	 56 sua
	 56 suo
	 58 cosa
	 58 qualche
	 64 ci
	 66 questo
	 68 lo
	 70 due
	 70 renzo
	 74 era
	 76 della
	 80 al
	 86 poi
	 86 quel
	 88 o
	 94 abbondio
	 108 gli
	 108 se
	 116 don
	 118 da
	 130 come
	 132 i
	 150 una
	 164 ma
	 166 del
	 194 le
	 196 si
	 220 con
	 288 per
	 312 la
	 312 un
	 348 in
	 358 il
	 402 non
	 494 a
	 634 che
	 690 di
	 886 e
